[ 2016-12-12T09:21:37+08:00 ] 127.0.0.1 /bsoft/index.php/Index/Index/index.html
INFO: [ app_init ] --START--
INFO: Run Behavior\BuildLiteBehavior [ RunTime:0.000000s ]
INFO: [ app_init ] --END-- [ RunTime:0.000000s ]
INFO: [ app_begin ] --START--
INFO: Run Behavior\ReadHtmlCacheBehavior [ RunTime:0.000000s ]
INFO: [ app_begin ] --END-- [ RunTime:0.000000s ]
SQL: SHOW COLUMNS FROM `klwl_productcate` [ RunTime:0.0430s ]
SQL: SELECT * FROM `klwl_productcate` WHERE `status` = 0 ORDER BY sort asc LIMIT 4   [ RunTime:0.0000s ]
SQL: SHOW COLUMNS FROM `klwl_product` [ RunTime:0.0280s ]
SQL: SELECT * FROM `klwl_product` WHERE ( 1=1 AND cate='1' )  [ RunTime:0.0000s ]
SQL: SELECT * FROM `klwl_product` WHERE ( 1=1 AND cate='2' )  [ RunTime:0.0000s ]
SQL: SELECT * FROM `klwl_product` WHERE ( 1=1 AND cate='3' )  [ RunTime:0.0000s ]
SQL: SELECT * FROM `klwl_product` WHERE ( 1=1 AND cate='4' )  [ RunTime:0.0000s ]
SQL: SHOW COLUMNS FROM `klwl_news` [ RunTime:0.0090s ]
SQL: SELECT * FROM `klwl_news` WHERE `status` = 0 ORDER BY id DESC LIMIT 3   [ RunTime:0.0010s ]
SQL: SHOW COLUMNS FROM `klwl_product` [ RunTime:0.0020s ]
SQL: SELECT * FROM `klwl_product` WHERE `name` = '服务范围' LIMIT 1   [ RunTime:0.0000s ]
SQL: SELECT * FROM `klwl_product` WHERE `name` = '职业发展' LIMIT 1   [ RunTime:0.0000s ]
INFO: [ view_parse ] --START--
INFO: [ template_filter ] --START--
INFO: Run Behavior\ContentReplaceBehavior [ RunTime:0.000000s ]
INFO: [ template_filter ] --END-- [ RunTime:0.000000s ]
NOTIC: [8] Use of undefined constant 新闻中心 - assumed '新闻中心' D:\PHPstudy\WWW\bsoft\App\Runtime\Cache\Index\26b56d210010e7f91b3261113c9c2df0.php 第 23 行.
NOTIC: [8] Use of undefined constant 新闻中心 - assumed '新闻中心' D:\PHPstudy\WWW\bsoft\App\Runtime\Cache\Index\26b56d210010e7f91b3261113c9c2df0.php 第 23 行.
NOTIC: [8] Use of undefined constant 新闻中心 - assumed '新闻中心' D:\PHPstudy\WWW\bsoft\App\Runtime\Cache\Index\26b56d210010e7f91b3261113c9c2df0.php 第 23 行.
NOTIC: [8] Use of undefined constant 新闻中心 - assumed '新闻中心' D:\PHPstudy\WWW\bsoft\App\Runtime\Cache\Index\26b56d210010e7f91b3261113c9c2df0.php 第 23 行.
NOTIC: [8] Use of undefined constant 新闻中心 - assumed '新闻中心' D:\PHPstudy\WWW\bsoft\App\Runtime\Cache\Index\26b56d210010e7f91b3261113c9c2df0.php 第 23 行.
NOTIC: [8] Use of undefined constant 新闻中心 - assumed '新闻中心' D:\PHPstudy\WWW\bsoft\App\Runtime\Cache\Index\26b56d210010e7f91b3261113c9c2df0.php 第 23 行.
NOTIC: [8] Use of undefined constant 新闻中心 - assumed '新闻中心' D:\PHPstudy\WWW\bsoft\App\Runtime\Cache\Index\26b56d210010e7f91b3261113c9c2df0.php 第 23 行.
NOTIC: [8] Use of undefined constant 新闻中心 - assumed '新闻中心' D:\PHPstudy\WWW\bsoft\App\Runtime\Cache\Index\26b56d210010e7f91b3261113c9c2df0.php 第 23 行.
NOTIC: [8] Use of undefined constant 新闻中心 - assumed '新闻中心' D:\PHPstudy\WWW\bsoft\App\Runtime\Cache\Index\26b56d210010e7f91b3261113c9c2df0.php 第 23 行.
NOTIC: [8] Use of undefined constant cate - assumed 'cate' D:\PHPstudy\WWW\bsoft\App\Runtime\Cache\Index\26b56d210010e7f91b3261113c9c2df0.php 第 134 行.
INFO: Run Behavior\ParseTemplateBehavior [ RunTime:0.017001s ]
INFO: [ view_parse ] --END-- [ RunTime:0.017001s ]
INFO: [ view_filter ] --START--
INFO: Run Behavior\WriteHtmlCacheBehavior [ RunTime:0.000000s ]
INFO: [ view_filter ] --END-- [ RunTime:0.000000s ]
INFO: [ app_end ] --START--
INFO: Run Behavior\ShowPageTraceBehavior [ RunTime:0.001000s ]
INFO: [ app_end ] --END-- [ RunTime:0.001000s ]

[ 2016-12-12T09:21:43+08:00 ] 127.0.0.1 /bsoft/index.php/Index/Index/index.html
INFO: [ app_init ] --START--
INFO: Run Behavior\BuildLiteBehavior [ RunTime:0.000000s ]
INFO: [ app_init ] --END-- [ RunTime:0.000000s ]
INFO: [ app_begin ] --START--
INFO: Run Behavior\ReadHtmlCacheBehavior [ RunTime:0.000000s ]
INFO: [ app_begin ] --END-- [ RunTime:0.000000s ]
SQL: SHOW COLUMNS FROM `klwl_productcate` [ RunTime:0.0020s ]
SQL: SELECT * FROM `klwl_productcate` WHERE `status` = 0 ORDER BY sort asc LIMIT 4   [ RunTime:0.0000s ]
SQL: SHOW COLUMNS FROM `klwl_product` [ RunTime:0.0010s ]
SQL: SELECT * FROM `klwl_product` WHERE ( 1=1 AND cate='1' )  [ RunTime:0.0000s ]
SQL: SELECT * FROM `klwl_product` WHERE ( 1=1 AND cate='2' )  [ RunTime:0.0000s ]
SQL: SELECT * FROM `klwl_product` WHERE ( 1=1 AND cate='3' )  [ RunTime:0.0000s ]
SQL: SELECT * FROM `klwl_product` WHERE ( 1=1 AND cate='4' )  [ RunTime:0.0000s ]
SQL: SHOW COLUMNS FROM `klwl_news` [ RunTime:0.0030s ]
SQL: SELECT * FROM `klwl_news` WHERE `status` = 0 ORDER BY id DESC LIMIT 3   [ RunTime:0.0000s ]
SQL: SHOW COLUMNS FROM `klwl_product` [ RunTime:0.0020s ]
SQL: SELECT * FROM `klwl_product` WHERE `name` = '服务范围' LIMIT 1   [ RunTime:0.0000s ]
SQL: SELECT * FROM `klwl_product` WHERE `name` = '职业发展' LIMIT 1   [ RunTime:0.0000s ]
INFO: [ view_parse ] --START--
INFO: [ template_filter ] --START--
INFO: Run Behavior\ContentReplaceBehavior [ RunTime:0.000000s ]
INFO: [ template_filter ] --END-- [ RunTime:0.000000s ]
NOTIC: [8] Use of undefined constant 新闻中心 - assumed '新闻中心' D:\PHPstudy\WWW\bsoft\App\Runtime\Cache\Index\26b56d210010e7f91b3261113c9c2df0.php 第 23 行.
NOTIC: [8] Use of undefined constant 新闻中心 - assumed '新闻中心' D:\PHPstudy\WWW\bsoft\App\Runtime\Cache\Index\26b56d210010e7f91b3261113c9c2df0.php 第 23 行.
NOTIC: [8] Use of undefined constant 新闻中心 - assumed '新闻中心' D:\PHPstudy\WWW\bsoft\App\Runtime\Cache\Index\26b56d210010e7f91b3261113c9c2df0.php 第 23 行.
NOTIC: [8] Use of undefined constant 新闻中心 - assumed '新闻中心' D:\PHPstudy\WWW\bsoft\App\Runtime\Cache\Index\26b56d210010e7f91b3261113c9c2df0.php 第 23 行.
NOTIC: [8] Use of undefined constant 新闻中心 - assumed '新闻中心' D:\PHPstudy\WWW\bsoft\App\Runtime\Cache\Index\26b56d210010e7f91b3261113c9c2df0.php 第 23 行.
NOTIC: [8] Use of undefined constant 新闻中心 - assumed '新闻中心' D:\PHPstudy\WWW\bsoft\App\Runtime\Cache\Index\26b56d210010e7f91b3261113c9c2df0.php 第 23 行.
NOTIC: [8] Use of undefined constant 新闻中心 - assumed '新闻中心' D:\PHPstudy\WWW\bsoft\App\Runtime\Cache\Index\26b56d210010e7f91b3261113c9c2df0.php 第 23 行.
NOTIC: [8] Use of undefined constant 新闻中心 - assumed '新闻中心' D:\PHPstudy\WWW\bsoft\App\Runtime\Cache\Index\26b56d210010e7f91b3261113c9c2df0.php 第 23 行.
NOTIC: [8] Use of undefined constant 新闻中心 - assumed '新闻中心' D:\PHPstudy\WWW\bsoft\App\Runtime\Cache\Index\26b56d210010e7f91b3261113c9c2df0.php 第 23 行.
NOTIC: [8] Use of undefined constant cate - assumed 'cate' D:\PHPstudy\WWW\bsoft\App\Runtime\Cache\Index\26b56d210010e7f91b3261113c9c2df0.php 第 134 行.
INFO: Run Behavior\ParseTemplateBehavior [ RunTime:0.009001s ]
INFO: [ view_parse ] --END-- [ RunTime:0.009001s ]
INFO: [ view_filter ] --START--
INFO: Run Behavior\WriteHtmlCacheBehavior [ RunTime:0.000000s ]
INFO: [ view_filter ] --END-- [ RunTime:0.000000s ]
INFO: [ app_end ] --START--
INFO: Run Behavior\ShowPageTraceBehavior [ RunTime:0.000000s ]
INFO: [ app_end ] --END-- [ RunTime:0.000000s ]

[ 2016-12-12T09:21:55+08:00 ] 127.0.0.1 /bsoft/index.php/Index/Product/detail/cate/1/pid/28.html
INFO: [ app_init ] --START--
INFO: Run Behavior\BuildLiteBehavior [ RunTime:0.000000s ]
INFO: [ app_init ] --END-- [ RunTime:0.001000s ]
INFO: [ app_begin ] --START--
INFO: Run Behavior\ReadHtmlCacheBehavior [ RunTime:0.001000s ]
INFO: [ app_begin ] --END-- [ RunTime:0.001000s ]
SQL: SHOW COLUMNS FROM `klwl_productcate` [ RunTime:0.0020s ]
SQL: SELECT * FROM `klwl_productcate` WHERE `status` = 0 ORDER BY sort asc LIMIT 4   [ RunTime:0.0000s ]
SQL: SHOW COLUMNS FROM `klwl_product` [ RunTime:0.0020s ]
SQL: SELECT * FROM `klwl_product` WHERE ( 1=1 AND cate='1' )  [ RunTime:0.0010s ]
SQL: SELECT * FROM `klwl_product` WHERE ( 1=1 AND cate='2' )  [ RunTime:0.0000s ]
SQL: SELECT * FROM `klwl_product` WHERE ( 1=1 AND cate='3' )  [ RunTime:0.0000s ]
SQL: SELECT * FROM `klwl_product` WHERE ( 1=1 AND cate='4' )  [ RunTime:0.0000s ]
SQL: SHOW COLUMNS FROM `klwl_productcate` [ RunTime:0.0020s ]
SQL: SELECT `pic` FROM `klwl_productcate` WHERE `id` = 1 LIMIT 1   [ RunTime:0.0010s ]
SQL: SHOW COLUMNS FROM `klwl_product` [ RunTime:0.0010s ]
SQL: SELECT * FROM `klwl_product` WHERE `cate` = 1  [ RunTime:0.0000s ]
SQL: SELECT * FROM `klwl_product` WHERE `cate` = 1 AND `id` = 28 ORDER BY sort asc LIMIT 1   [ RunTime:0.0000s ]
SQL: SELECT * FROM `klwl_product` WHERE `red` = 1 ORDER BY sort asc LIMIT 2   [ RunTime:0.0000s ]
INFO: [ view_parse ] --START--
INFO: [ template_filter ] --START--
INFO: Run Behavior\ContentReplaceBehavior [ RunTime:0.000000s ]
INFO: [ template_filter ] --END-- [ RunTime:0.000000s ]
NOTIC: [8] Use of undefined constant 新闻中心 - assumed '新闻中心' D:\PHPstudy\WWW\bsoft\App\Runtime\Cache\Index\feefdb616f2cd1ba7b6aba6ed42728ef.php 第 23 行.
NOTIC: [8] Use of undefined constant 新闻中心 - assumed '新闻中心' D:\PHPstudy\WWW\bsoft\App\Runtime\Cache\Index\feefdb616f2cd1ba7b6aba6ed42728ef.php 第 23 行.
NOTIC: [8] Use of undefined constant 新闻中心 - assumed '新闻中心' D:\PHPstudy\WWW\bsoft\App\Runtime\Cache\Index\feefdb616f2cd1ba7b6aba6ed42728ef.php 第 23 行.
NOTIC: [8] Use of undefined constant 新闻中心 - assumed '新闻中心' D:\PHPstudy\WWW\bsoft\App\Runtime\Cache\Index\feefdb616f2cd1ba7b6aba6ed42728ef.php 第 23 行.
NOTIC: [8] Use of undefined constant 新闻中心 - assumed '新闻中心' D:\PHPstudy\WWW\bsoft\App\Runtime\Cache\Index\feefdb616f2cd1ba7b6aba6ed42728ef.php 第 23 行.
NOTIC: [8] Use of undefined constant 新闻中心 - assumed '新闻中心' D:\PHPstudy\WWW\bsoft\App\Runtime\Cache\Index\feefdb616f2cd1ba7b6aba6ed42728ef.php 第 23 行.
NOTIC: [8] Use of undefined constant 新闻中心 - assumed '新闻中心' D:\PHPstudy\WWW\bsoft\App\Runtime\Cache\Index\feefdb616f2cd1ba7b6aba6ed42728ef.php 第 23 行.
NOTIC: [8] Use of undefined constant 新闻中心 - assumed '新闻中心' D:\PHPstudy\WWW\bsoft\App\Runtime\Cache\Index\feefdb616f2cd1ba7b6aba6ed42728ef.php 第 23 行.
NOTIC: [8] Use of undefined constant 新闻中心 - assumed '新闻中心' D:\PHPstudy\WWW\bsoft\App\Runtime\Cache\Index\feefdb616f2cd1ba7b6aba6ed42728ef.php 第 23 行.
NOTIC: [8] Use of undefined constant 新闻中心 - assumed '新闻中心' D:\PHPstudy\WWW\bsoft\App\Runtime\Cache\Index\feefdb616f2cd1ba7b6aba6ed42728ef.php 第 68 行.
NOTIC: [8] Use of undefined constant 新闻中心 - assumed '新闻中心' D:\PHPstudy\WWW\bsoft\App\Runtime\Cache\Index\feefdb616f2cd1ba7b6aba6ed42728ef.php 第 68 行.
NOTIC: [8] Use of undefined constant 新闻中心 - assumed '新闻中心' D:\PHPstudy\WWW\bsoft\App\Runtime\Cache\Index\feefdb616f2cd1ba7b6aba6ed42728ef.php 第 68 行.
NOTIC: [8] Use of undefined constant 新闻中心 - assumed '新闻中心' D:\PHPstudy\WWW\bsoft\App\Runtime\Cache\Index\feefdb616f2cd1ba7b6aba6ed42728ef.php 第 68 行.
NOTIC: [8] Use of undefined constant cate - assumed 'cate' D:\PHPstudy\WWW\bsoft\App\Runtime\Cache\Index\feefdb616f2cd1ba7b6aba6ed42728ef.php 第 90 行.
NOTIC: [8] Use of undefined constant cate - assumed 'cate' D:\PHPstudy\WWW\bsoft\App\Runtime\Cache\Index\feefdb616f2cd1ba7b6aba6ed42728ef.php 第 90 行.
INFO: Run Behavior\ParseTemplateBehavior [ RunTime:0.008000s ]
INFO: [ view_parse ] --END-- [ RunTime:0.008000s ]
INFO: [ view_filter ] --START--
INFO: Run Behavior\WriteHtmlCacheBehavior [ RunTime:0.001000s ]
INFO: [ view_filter ] --END-- [ RunTime:0.001000s ]
INFO: [ app_end ] --START--
INFO: Run Behavior\ShowPageTraceBehavior [ RunTime:0.000000s ]
INFO: [ app_end ] --END-- [ RunTime:0.000000s ]

