[ 2016-12-15T09:43:31+08:00 ] 127.0.0.1 /bsoft/
INFO: [ app_init ] --START--
INFO: Run Behavior\BuildLiteBehavior [ RunTime:0.000000s ]
INFO: [ app_init ] --END-- [ RunTime:0.002000s ]
INFO: [ app_begin ] --START--
INFO: Run Behavior\ReadHtmlCacheBehavior [ RunTime:0.001000s ]
INFO: [ app_begin ] --END-- [ RunTime:0.001000s ]

[ 2016-12-15T09:43:31+08:00 ] 127.0.0.1 /bsoft/index.php/Admin/Login/index.html
INFO: [ app_init ] --START--
INFO: Run Behavior\BuildLiteBehavior [ RunTime:0.000000s ]
INFO: [ app_init ] --END-- [ RunTime:0.001000s ]
INFO: [ app_begin ] --START--
INFO: Run Behavior\ReadHtmlCacheBehavior [ RunTime:0.000000s ]
INFO: [ app_begin ] --END-- [ RunTime:0.000000s ]
INFO: [ view_parse ] --START--
INFO: [ template_filter ] --START--
INFO: Run Behavior\ContentReplaceBehavior [ RunTime:0.009000s ]
INFO: [ template_filter ] --END-- [ RunTime:0.009000s ]
INFO: Run Behavior\ParseTemplateBehavior [ RunTime:0.042003s ]
INFO: [ view_parse ] --END-- [ RunTime:0.042003s ]
INFO: [ view_filter ] --START--
INFO: Run Behavior\WriteHtmlCacheBehavior [ RunTime:0.001000s ]
INFO: [ view_filter ] --END-- [ RunTime:0.001000s ]
INFO: [ app_end ] --START--
INFO: Run Behavior\ShowPageTraceBehavior [ RunTime:0.002000s ]
INFO: [ app_end ] --END-- [ RunTime:0.002000s ]

[ 2016-12-15T09:43:31+08:00 ] 127.0.0.1 /bsoft/index.php/Admin/Login/code.html
INFO: [ app_init ] --START--
INFO: Run Behavior\BuildLiteBehavior [ RunTime:0.000000s ]
INFO: [ app_init ] --END-- [ RunTime:0.000000s ]
INFO: [ app_begin ] --START--
INFO: Run Behavior\ReadHtmlCacheBehavior [ RunTime:0.001000s ]
INFO: [ app_begin ] --END-- [ RunTime:0.001000s ]
NOTIC: [8] A session had already been started - ignoring session_start() D:\PHPstudy\WWW\bsoft\App\Class\Vcode.php 第 181 行.
INFO: [ app_end ] --START--
INFO: Run Behavior\ShowPageTraceBehavior [ RunTime:0.001000s ]
INFO: [ app_end ] --END-- [ RunTime:0.001000s ]

[ 2016-12-15T09:43:31+08:00 ] 127.0.0.1 /bsoft/index.php/Admin/Login/images/light.png
INFO: [ app_init ] --START--
INFO: Run Behavior\BuildLiteBehavior [ RunTime:0.000000s ]
INFO: [ app_init ] --END-- [ RunTime:0.000000s ]

[ 2016-12-15T16:29:16+08:00 ] 127.0.0.1 /bsoft/
INFO: [ app_init ] --START--
INFO: Run Behavior\BuildLiteBehavior [ RunTime:0.000000s ]
INFO: [ app_init ] --END-- [ RunTime:0.000000s ]
INFO: [ app_begin ] --START--
INFO: Run Behavior\ReadHtmlCacheBehavior [ RunTime:0.009001s ]
INFO: [ app_begin ] --END-- [ RunTime:0.009001s ]

[ 2016-12-15T16:29:16+08:00 ] 127.0.0.1 /bsoft/index.php/Admin/Login/index.html
INFO: [ app_init ] --START--
INFO: Run Behavior\BuildLiteBehavior [ RunTime:0.000000s ]
INFO: [ app_init ] --END-- [ RunTime:0.000000s ]
INFO: [ app_begin ] --START--
INFO: Run Behavior\ReadHtmlCacheBehavior [ RunTime:0.000000s ]
INFO: [ app_begin ] --END-- [ RunTime:0.000000s ]
INFO: [ view_parse ] --START--
INFO: [ template_filter ] --START--
INFO: Run Behavior\ContentReplaceBehavior [ RunTime:0.000000s ]
INFO: [ template_filter ] --END-- [ RunTime:0.000000s ]
INFO: Run Behavior\ParseTemplateBehavior [ RunTime:0.029001s ]
INFO: [ view_parse ] --END-- [ RunTime:0.029001s ]
INFO: [ view_filter ] --START--
INFO: Run Behavior\WriteHtmlCacheBehavior [ RunTime:0.000000s ]
INFO: [ view_filter ] --END-- [ RunTime:0.000000s ]
INFO: [ app_end ] --START--
INFO: Run Behavior\ShowPageTraceBehavior [ RunTime:0.012001s ]
INFO: [ app_end ] --END-- [ RunTime:0.012001s ]

[ 2016-12-15T16:29:16+08:00 ] 127.0.0.1 /bsoft/index.php/Admin/Login/code.html
INFO: [ app_init ] --START--
INFO: Run Behavior\BuildLiteBehavior [ RunTime:0.000000s ]
INFO: [ app_init ] --END-- [ RunTime:0.000000s ]
INFO: [ app_begin ] --START--
INFO: Run Behavior\ReadHtmlCacheBehavior [ RunTime:0.001000s ]
INFO: [ app_begin ] --END-- [ RunTime:0.001000s ]
NOTIC: [8] A session had already been started - ignoring session_start() D:\PHPstudy\WWW\bsoft\App\Class\Vcode.php 第 181 行.
INFO: [ app_end ] --START--
INFO: Run Behavior\ShowPageTraceBehavior [ RunTime:0.000000s ]
INFO: [ app_end ] --END-- [ RunTime:0.000000s ]

[ 2016-12-15T16:29:16+08:00 ] 127.0.0.1 /bsoft/index.php/Admin/Login/images/light.png
INFO: [ app_init ] --START--
INFO: Run Behavior\BuildLiteBehavior [ RunTime:0.000000s ]
INFO: [ app_init ] --END-- [ RunTime:0.000000s ]

[ 2016-12-15T16:29:34+08:00 ] 127.0.0.1 /bsoft/index.php/Admin/Login/login.html
INFO: [ app_init ] --START--
INFO: Run Behavior\BuildLiteBehavior [ RunTime:0.000000s ]
INFO: [ app_init ] --END-- [ RunTime:0.000000s ]
INFO: [ app_begin ] --START--
INFO: Run Behavior\ReadHtmlCacheBehavior [ RunTime:0.000000s ]
INFO: [ app_begin ] --END-- [ RunTime:0.001000s ]
SQL: SHOW COLUMNS FROM `klwl_admin` [ RunTime:0.0030s ]
SQL: SELECT * FROM `klwl_admin` WHERE `name` = 'admin' LIMIT 1   [ RunTime:0.0000s ]
SQL: UPDATE `klwl_admin` SET `logintime`='2016-12-15 16:29:33',`loginip`='127.0.0.1' WHERE `id` = 31 [ RunTime:0.0000s ]

[ 2016-12-15T16:29:35+08:00 ] 127.0.0.1 /bsoft/index.php/Admin/Index/index.html
INFO: [ app_init ] --START--
INFO: Run Behavior\BuildLiteBehavior [ RunTime:0.000000s ]
INFO: [ app_init ] --END-- [ RunTime:0.000000s ]
INFO: [ app_begin ] --START--
INFO: Run Behavior\ReadHtmlCacheBehavior [ RunTime:0.000000s ]
INFO: [ app_begin ] --END-- [ RunTime:0.000000s ]
SQL: SHOW COLUMNS FROM `klwl_messages` [ RunTime:0.0030s ]
SQL: SELECT COUNT(*) AS tp_count FROM `klwl_messages` WHERE ( status=1 ) LIMIT 1   [ RunTime:0.0000s ]
NOTIC: [8] Undefined index: superadmin D:\PHPstudy\WWW\bsoft\App\Admin\Controller\IndexController.class.php 第 9 行.
SQL: SHOW COLUMNS FROM `klwl_menu` [ RunTime:0.0020s ]
SQL: SELECT * FROM `klwl_menu` ORDER BY sort ASC  [ RunTime:0.0000s ]
INFO: [ view_parse ] --START--
INFO: [ template_filter ] --START--
INFO: Run Behavior\ContentReplaceBehavior [ RunTime:0.000000s ]
INFO: [ template_filter ] --END-- [ RunTime:0.000000s ]
NOTIC: [8] Undefined variable: technology D:\PHPstudy\WWW\bsoft\App\Runtime\Cache\Admin\9df924d9a2d217daa77a359c5bee0c33.php 第 27 行.
INFO: Run Behavior\ParseTemplateBehavior [ RunTime:0.005000s ]
INFO: [ view_parse ] --END-- [ RunTime:0.005000s ]
INFO: [ view_filter ] --START--
INFO: Run Behavior\WriteHtmlCacheBehavior [ RunTime:0.001000s ]
INFO: [ view_filter ] --END-- [ RunTime:0.001000s ]
INFO: [ app_end ] --START--
INFO: Run Behavior\ShowPageTraceBehavior [ RunTime:0.000000s ]
INFO: [ app_end ] --END-- [ RunTime:0.000000s ]

[ 2016-12-15T16:29:36+08:00 ] 127.0.0.1 /bsoft/index.php/Admin/Index/welcome.html
INFO: [ app_init ] --START--
INFO: Run Behavior\BuildLiteBehavior [ RunTime:0.000000s ]
INFO: [ app_init ] --END-- [ RunTime:0.000000s ]
INFO: [ app_begin ] --START--
INFO: Run Behavior\ReadHtmlCacheBehavior [ RunTime:0.000000s ]
INFO: [ app_begin ] --END-- [ RunTime:0.000000s ]
SQL: SHOW COLUMNS FROM `klwl_admin` [ RunTime:0.0020s ]
NOTIC: [8] Undefined index: uid D:\PHPstudy\WWW\bsoft\App\Admin\Controller\IndexController.class.php 第 17 行.
SQL: SELECT * FROM `klwl_admin` LIMIT 1   [ RunTime:0.0010s ]
SQL: SHOW COLUMNS FROM `klwl_logo` [ RunTime:0.0020s ]
SQL: SELECT * FROM `klwl_logo` LIMIT 1   [ RunTime:0.0000s ]
INFO: [ view_parse ] --START--
INFO: [ template_filter ] --START--
INFO: Run Behavior\ContentReplaceBehavior [ RunTime:0.000000s ]
INFO: [ template_filter ] --END-- [ RunTime:0.000000s ]
NOTIC: [8] Undefined variable: company D:\PHPstudy\WWW\bsoft\App\Runtime\Cache\Admin\d9e8c752db43d77c05cd2cf54a23d500.php 第 5 行.
NOTIC: [8] Undefined variable: company D:\PHPstudy\WWW\bsoft\App\Runtime\Cache\Admin\d9e8c752db43d77c05cd2cf54a23d500.php 第 19 行.
NOTIC: [8] Undefined index: ipaddress D:\PHPstudy\WWW\bsoft\App\Runtime\Cache\Admin\d9e8c752db43d77c05cd2cf54a23d500.php 第 23 行.
NOTIC: [8] Undefined variable: company D:\PHPstudy\WWW\bsoft\App\Runtime\Cache\Admin\d9e8c752db43d77c05cd2cf54a23d500.php 第 44 行.
NOTIC: [8] Undefined variable: companyurl D:\PHPstudy\WWW\bsoft\App\Runtime\Cache\Admin\d9e8c752db43d77c05cd2cf54a23d500.php 第 50 行.
INFO: Run Behavior\ParseTemplateBehavior [ RunTime:0.004000s ]
INFO: [ view_parse ] --END-- [ RunTime:0.004000s ]
INFO: [ view_filter ] --START--
INFO: Run Behavior\WriteHtmlCacheBehavior [ RunTime:0.000000s ]
INFO: [ view_filter ] --END-- [ RunTime:0.000000s ]
INFO: [ app_end ] --START--
INFO: Run Behavior\ShowPageTraceBehavior [ RunTime:0.000000s ]
INFO: [ app_end ] --END-- [ RunTime:0.000000s ]

[ 2016-12-15T16:29:48+08:00 ] 127.0.0.1 /bsoft/index.php/Admin/Index/welcome.html
INFO: [ app_init ] --START--
INFO: Run Behavior\BuildLiteBehavior [ RunTime:0.000000s ]
INFO: [ app_init ] --END-- [ RunTime:0.000000s ]
INFO: [ app_begin ] --START--
INFO: Run Behavior\ReadHtmlCacheBehavior [ RunTime:0.000000s ]
INFO: [ app_begin ] --END-- [ RunTime:0.000000s ]
SQL: SHOW COLUMNS FROM `klwl_admin` [ RunTime:0.0020s ]
NOTIC: [8] Undefined index: uid D:\PHPstudy\WWW\bsoft\App\Admin\Controller\IndexController.class.php 第 17 行.
SQL: SELECT * FROM `klwl_admin` LIMIT 1   [ RunTime:0.0000s ]
SQL: SHOW COLUMNS FROM `klwl_logo` [ RunTime:0.0020s ]
SQL: SELECT * FROM `klwl_logo` LIMIT 1   [ RunTime:0.0000s ]
INFO: [ view_parse ] --START--
INFO: [ template_filter ] --START--
INFO: Run Behavior\ContentReplaceBehavior [ RunTime:0.000000s ]
INFO: [ template_filter ] --END-- [ RunTime:0.000000s ]
NOTIC: [8] Undefined variable: company D:\PHPstudy\WWW\bsoft\App\Runtime\Cache\Admin\d9e8c752db43d77c05cd2cf54a23d500.php 第 5 行.
NOTIC: [8] Undefined variable: company D:\PHPstudy\WWW\bsoft\App\Runtime\Cache\Admin\d9e8c752db43d77c05cd2cf54a23d500.php 第 19 行.
NOTIC: [8] Undefined index: ipaddress D:\PHPstudy\WWW\bsoft\App\Runtime\Cache\Admin\d9e8c752db43d77c05cd2cf54a23d500.php 第 23 行.
NOTIC: [8] Undefined variable: company D:\PHPstudy\WWW\bsoft\App\Runtime\Cache\Admin\d9e8c752db43d77c05cd2cf54a23d500.php 第 44 行.
NOTIC: [8] Undefined variable: companyurl D:\PHPstudy\WWW\bsoft\App\Runtime\Cache\Admin\d9e8c752db43d77c05cd2cf54a23d500.php 第 50 行.
INFO: Run Behavior\ParseTemplateBehavior [ RunTime:0.004000s ]
INFO: [ view_parse ] --END-- [ RunTime:0.004000s ]
INFO: [ view_filter ] --START--
INFO: Run Behavior\WriteHtmlCacheBehavior [ RunTime:0.000000s ]
INFO: [ view_filter ] --END-- [ RunTime:0.000000s ]
INFO: [ app_end ] --START--
INFO: Run Behavior\ShowPageTraceBehavior [ RunTime:0.000000s ]
INFO: [ app_end ] --END-- [ RunTime:0.000000s ]

[ 2016-12-15T16:29:55+08:00 ] 127.0.0.1 /bsoft/index.php/Admin/Index/computer.html
INFO: [ app_init ] --START--
INFO: Run Behavior\BuildLiteBehavior [ RunTime:0.000000s ]
INFO: [ app_init ] --END-- [ RunTime:0.000000s ]
INFO: [ app_begin ] --START--
INFO: Run Behavior\ReadHtmlCacheBehavior [ RunTime:0.000000s ]
INFO: [ app_begin ] --END-- [ RunTime:0.000000s ]
ERR: 非法操作:computer

[ 2016-12-15T16:29:56+08:00 ] 127.0.0.1 /bsoft/index.php/Admin/Index/tools.html
INFO: [ app_init ] --START--
INFO: Run Behavior\BuildLiteBehavior [ RunTime:0.000000s ]
INFO: [ app_init ] --END-- [ RunTime:0.000000s ]
INFO: [ app_begin ] --START--
INFO: Run Behavior\ReadHtmlCacheBehavior [ RunTime:0.000000s ]
INFO: [ app_begin ] --END-- [ RunTime:0.000000s ]
ERR: 非法操作:tools

[ 2016-12-15T16:29:57+08:00 ] 127.0.0.1 /bsoft/index.php/Admin/Index/imglist.html
INFO: [ app_init ] --START--
INFO: Run Behavior\BuildLiteBehavior [ RunTime:0.000000s ]
INFO: [ app_init ] --END-- [ RunTime:0.001000s ]
INFO: [ app_begin ] --START--
INFO: Run Behavior\ReadHtmlCacheBehavior [ RunTime:0.001001s ]
INFO: [ app_begin ] --END-- [ RunTime:0.001001s ]
ERR: 非法操作:imglist

[ 2016-12-15T16:29:57+08:00 ] 127.0.0.1 /bsoft/index.php/Admin/Index/default.html
INFO: [ app_init ] --START--
INFO: Run Behavior\BuildLiteBehavior [ RunTime:0.000000s ]
INFO: [ app_init ] --END-- [ RunTime:0.000000s ]
INFO: [ app_begin ] --START--
INFO: Run Behavior\ReadHtmlCacheBehavior [ RunTime:0.001000s ]
INFO: [ app_begin ] --END-- [ RunTime:0.001000s ]
ERR: 非法操作:default

[ 2016-12-15T16:29:58+08:00 ] 127.0.0.1 /bsoft/index.php/Admin/Index/default.html
INFO: [ app_init ] --START--
INFO: Run Behavior\BuildLiteBehavior [ RunTime:0.000000s ]
INFO: [ app_init ] --END-- [ RunTime:0.001000s ]
INFO: [ app_begin ] --START--
INFO: Run Behavior\ReadHtmlCacheBehavior [ RunTime:0.001000s ]
INFO: [ app_begin ] --END-- [ RunTime:0.001000s ]
ERR: 非法操作:default

[ 2016-12-15T16:30:13+08:00 ] 127.0.0.1 /bsoft/index.php/Admin/Index/index.html
INFO: [ app_init ] --START--
INFO: Run Behavior\BuildLiteBehavior [ RunTime:0.000000s ]
INFO: [ app_init ] --END-- [ RunTime:0.001000s ]
INFO: [ app_begin ] --START--
INFO: Run Behavior\ReadHtmlCacheBehavior [ RunTime:0.000000s ]
INFO: [ app_begin ] --END-- [ RunTime:0.001000s ]
SQL: SHOW COLUMNS FROM `klwl_messages` [ RunTime:0.0020s ]
SQL: SELECT COUNT(*) AS tp_count FROM `klwl_messages` WHERE ( status=1 ) LIMIT 1   [ RunTime:0.0010s ]
NOTIC: [8] Undefined index: superadmin D:\PHPstudy\WWW\bsoft\App\Admin\Controller\IndexController.class.php 第 9 行.
SQL: SHOW COLUMNS FROM `klwl_menu` [ RunTime:0.0020s ]
SQL: SELECT * FROM `klwl_menu` ORDER BY sort ASC  [ RunTime:0.0000s ]
INFO: [ view_parse ] --START--
INFO: [ template_filter ] --START--
INFO: Run Behavior\ContentReplaceBehavior [ RunTime:0.000000s ]
INFO: [ template_filter ] --END-- [ RunTime:0.000000s ]
NOTIC: [8] Undefined variable: technology D:\PHPstudy\WWW\bsoft\App\Runtime\Cache\Admin\9df924d9a2d217daa77a359c5bee0c33.php 第 27 行.
INFO: Run Behavior\ParseTemplateBehavior [ RunTime:0.006001s ]
INFO: [ view_parse ] --END-- [ RunTime:0.006001s ]
INFO: [ view_filter ] --START--
INFO: Run Behavior\WriteHtmlCacheBehavior [ RunTime:0.000000s ]
INFO: [ view_filter ] --END-- [ RunTime:0.000000s ]
INFO: [ app_end ] --START--
INFO: Run Behavior\ShowPageTraceBehavior [ RunTime:0.001000s ]
INFO: [ app_end ] --END-- [ RunTime:0.001000s ]

[ 2016-12-15T16:30:14+08:00 ] 127.0.0.1 /bsoft/index.php/Admin/Index/welcome.html
INFO: [ app_init ] --START--
INFO: Run Behavior\BuildLiteBehavior [ RunTime:0.000000s ]
INFO: [ app_init ] --END-- [ RunTime:0.001000s ]
INFO: [ app_begin ] --START--
INFO: Run Behavior\ReadHtmlCacheBehavior [ RunTime:0.000000s ]
INFO: [ app_begin ] --END-- [ RunTime:0.000000s ]
SQL: SHOW COLUMNS FROM `klwl_admin` [ RunTime:0.0020s ]
NOTIC: [8] Undefined index: uid D:\PHPstudy\WWW\bsoft\App\Admin\Controller\IndexController.class.php 第 17 行.
SQL: SELECT * FROM `klwl_admin` LIMIT 1   [ RunTime:0.0000s ]
SQL: SHOW COLUMNS FROM `klwl_logo` [ RunTime:0.0020s ]
SQL: SELECT * FROM `klwl_logo` LIMIT 1   [ RunTime:0.0000s ]
INFO: [ view_parse ] --START--
INFO: [ template_filter ] --START--
INFO: Run Behavior\ContentReplaceBehavior [ RunTime:0.000000s ]
INFO: [ template_filter ] --END-- [ RunTime:0.000000s ]
NOTIC: [8] Undefined variable: company D:\PHPstudy\WWW\bsoft\App\Runtime\Cache\Admin\d9e8c752db43d77c05cd2cf54a23d500.php 第 5 行.
NOTIC: [8] Undefined variable: company D:\PHPstudy\WWW\bsoft\App\Runtime\Cache\Admin\d9e8c752db43d77c05cd2cf54a23d500.php 第 19 行.
NOTIC: [8] Undefined index: ipaddress D:\PHPstudy\WWW\bsoft\App\Runtime\Cache\Admin\d9e8c752db43d77c05cd2cf54a23d500.php 第 23 行.
NOTIC: [8] Undefined variable: company D:\PHPstudy\WWW\bsoft\App\Runtime\Cache\Admin\d9e8c752db43d77c05cd2cf54a23d500.php 第 44 行.
NOTIC: [8] Undefined variable: companyurl D:\PHPstudy\WWW\bsoft\App\Runtime\Cache\Admin\d9e8c752db43d77c05cd2cf54a23d500.php 第 50 行.
INFO: Run Behavior\ParseTemplateBehavior [ RunTime:0.004000s ]
INFO: [ view_parse ] --END-- [ RunTime:0.004000s ]
INFO: [ view_filter ] --START--
INFO: Run Behavior\WriteHtmlCacheBehavior [ RunTime:0.000000s ]
INFO: [ view_filter ] --END-- [ RunTime:0.001000s ]
INFO: [ app_end ] --START--
INFO: Run Behavior\ShowPageTraceBehavior [ RunTime:0.000000s ]
INFO: [ app_end ] --END-- [ RunTime:0.000000s ]

[ 2016-12-15T16:35:22+08:00 ] 127.0.0.1 /bsoft/
INFO: [ app_init ] --START--
INFO: Run Behavior\BuildLiteBehavior [ RunTime:0.000000s ]
INFO: [ app_init ] --END-- [ RunTime:0.000000s ]
INFO: [ app_begin ] --START--
INFO: Run Behavior\ReadHtmlCacheBehavior [ RunTime:0.001000s ]
INFO: [ app_begin ] --END-- [ RunTime:0.001000s ]
SQL: SHOW COLUMNS FROM `klwl_messages` [ RunTime:0.0020s ]
SQL: SELECT COUNT(*) AS tp_count FROM `klwl_messages` WHERE ( status=1 ) LIMIT 1   [ RunTime:0.0010s ]
NOTIC: [8] Undefined index: superadmin D:\PHPstudy\WWW\bsoft\App\Admin\Controller\IndexController.class.php 第 9 行.
SQL: SHOW COLUMNS FROM `klwl_menu` [ RunTime:0.0020s ]
SQL: SELECT * FROM `klwl_menu` ORDER BY sort ASC  [ RunTime:0.0000s ]
INFO: [ view_parse ] --START--
INFO: [ template_filter ] --START--
INFO: Run Behavior\ContentReplaceBehavior [ RunTime:0.000000s ]
INFO: [ template_filter ] --END-- [ RunTime:0.000000s ]
NOTIC: [8] Undefined variable: technology D:\PHPstudy\WWW\bsoft\App\Runtime\Cache\Admin\9df924d9a2d217daa77a359c5bee0c33.php 第 27 行.
INFO: Run Behavior\ParseTemplateBehavior [ RunTime:0.006000s ]
INFO: [ view_parse ] --END-- [ RunTime:0.006000s ]
INFO: [ view_filter ] --START--
INFO: Run Behavior\WriteHtmlCacheBehavior [ RunTime:0.001000s ]
INFO: [ view_filter ] --END-- [ RunTime:0.001000s ]
INFO: [ app_end ] --START--
INFO: Run Behavior\ShowPageTraceBehavior [ RunTime:0.000000s ]
INFO: [ app_end ] --END-- [ RunTime:0.000000s ]

[ 2016-12-15T16:35:23+08:00 ] 127.0.0.1 /bsoft/index.php/Admin/Index/welcome.html
INFO: [ app_init ] --START--
INFO: Run Behavior\BuildLiteBehavior [ RunTime:0.000000s ]
INFO: [ app_init ] --END-- [ RunTime:0.001001s ]
INFO: [ app_begin ] --START--
INFO: Run Behavior\ReadHtmlCacheBehavior [ RunTime:0.001000s ]
INFO: [ app_begin ] --END-- [ RunTime:0.001000s ]
SQL: SHOW COLUMNS FROM `klwl_admin` [ RunTime:0.0020s ]
NOTIC: [8] Undefined index: uid D:\PHPstudy\WWW\bsoft\App\Admin\Controller\IndexController.class.php 第 17 行.
SQL: SELECT * FROM `klwl_admin` LIMIT 1   [ RunTime:0.0000s ]
SQL: SHOW COLUMNS FROM `klwl_logo` [ RunTime:0.0020s ]
SQL: SELECT * FROM `klwl_logo` LIMIT 1   [ RunTime:0.0000s ]
INFO: [ view_parse ] --START--
INFO: [ template_filter ] --START--
INFO: Run Behavior\ContentReplaceBehavior [ RunTime:0.000000s ]
INFO: [ template_filter ] --END-- [ RunTime:0.000000s ]
NOTIC: [8] Undefined variable: company D:\PHPstudy\WWW\bsoft\App\Runtime\Cache\Admin\d9e8c752db43d77c05cd2cf54a23d500.php 第 5 行.
NOTIC: [8] Undefined variable: company D:\PHPstudy\WWW\bsoft\App\Runtime\Cache\Admin\d9e8c752db43d77c05cd2cf54a23d500.php 第 19 行.
NOTIC: [8] Undefined index: ipaddress D:\PHPstudy\WWW\bsoft\App\Runtime\Cache\Admin\d9e8c752db43d77c05cd2cf54a23d500.php 第 23 行.
NOTIC: [8] Undefined variable: company D:\PHPstudy\WWW\bsoft\App\Runtime\Cache\Admin\d9e8c752db43d77c05cd2cf54a23d500.php 第 44 行.
NOTIC: [8] Undefined variable: companyurl D:\PHPstudy\WWW\bsoft\App\Runtime\Cache\Admin\d9e8c752db43d77c05cd2cf54a23d500.php 第 50 行.
INFO: Run Behavior\ParseTemplateBehavior [ RunTime:0.004000s ]
INFO: [ view_parse ] --END-- [ RunTime:0.004000s ]
INFO: [ view_filter ] --START--
INFO: Run Behavior\WriteHtmlCacheBehavior [ RunTime:0.000000s ]
INFO: [ view_filter ] --END-- [ RunTime:0.000000s ]
INFO: [ app_end ] --START--
INFO: Run Behavior\ShowPageTraceBehavior [ RunTime:0.000000s ]
INFO: [ app_end ] --END-- [ RunTime:0.000000s ]

[ 2016-12-15T16:35:24+08:00 ] 127.0.0.1 /bsoft/index.php/Admin/Index/logout.html
INFO: [ app_init ] --START--
INFO: Run Behavior\BuildLiteBehavior [ RunTime:0.000000s ]
INFO: [ app_init ] --END-- [ RunTime:0.000000s ]
INFO: [ app_begin ] --START--
INFO: Run Behavior\ReadHtmlCacheBehavior [ RunTime:0.001000s ]
INFO: [ app_begin ] --END-- [ RunTime:0.001000s ]

[ 2016-12-15T16:35:24+08:00 ] 127.0.0.1 /bsoft/index.php/Admin/Login/index.html
INFO: [ app_init ] --START--
INFO: Run Behavior\BuildLiteBehavior [ RunTime:0.000000s ]
INFO: [ app_init ] --END-- [ RunTime:0.001000s ]
INFO: [ app_begin ] --START--
INFO: Run Behavior\ReadHtmlCacheBehavior [ RunTime:0.001000s ]
INFO: [ app_begin ] --END-- [ RunTime:0.001000s ]
INFO: [ view_parse ] --START--
INFO: [ template_filter ] --START--
INFO: Run Behavior\ContentReplaceBehavior [ RunTime:0.000000s ]
INFO: [ template_filter ] --END-- [ RunTime:0.000000s ]
INFO: Run Behavior\ParseTemplateBehavior [ RunTime:0.004000s ]
INFO: [ view_parse ] --END-- [ RunTime:0.004000s ]
INFO: [ view_filter ] --START--
INFO: Run Behavior\WriteHtmlCacheBehavior [ RunTime:0.000000s ]
INFO: [ view_filter ] --END-- [ RunTime:0.000000s ]
INFO: [ app_end ] --START--
INFO: Run Behavior\ShowPageTraceBehavior [ RunTime:0.000000s ]
INFO: [ app_end ] --END-- [ RunTime:0.001000s ]

[ 2016-12-15T16:35:24+08:00 ] 127.0.0.1 /bsoft/index.php/Admin/Login/code.html
INFO: [ app_init ] --START--
INFO: Run Behavior\BuildLiteBehavior [ RunTime:0.000000s ]
INFO: [ app_init ] --END-- [ RunTime:0.000000s ]
INFO: [ app_begin ] --START--
INFO: Run Behavior\ReadHtmlCacheBehavior [ RunTime:0.000000s ]
INFO: [ app_begin ] --END-- [ RunTime:0.001001s ]
NOTIC: [8] A session had already been started - ignoring session_start() D:\PHPstudy\WWW\bsoft\App\Class\Vcode.php 第 181 行.
INFO: [ app_end ] --START--
INFO: Run Behavior\ShowPageTraceBehavior [ RunTime:0.000000s ]
INFO: [ app_end ] --END-- [ RunTime:0.000000s ]

[ 2016-12-15T16:35:24+08:00 ] 127.0.0.1 /bsoft/index.php/Admin/Login/images/light.png
INFO: [ app_init ] --START--
INFO: Run Behavior\BuildLiteBehavior [ RunTime:0.000000s ]
INFO: [ app_init ] --END-- [ RunTime:0.001000s ]

