[ 2016-09-08T15:02:03+08:00 ] 127.0.0.1 /dbkl_hqt_project/APP/Admin/View/Public/Css/images/image2.gif
INFO: [ app_init ] --START--
INFO: Run Behavior\BuildLiteBehavior [ RunTime:0.000000s ]
INFO: [ app_init ] --END-- [ RunTime:0.000000s ]
ERR: 无法加载模块:App

[ 2016-09-08T16:32:07+08:00 ] 127.0.0.1 /dbkl_hqt_project/APP/Admin/View/Public/Css/images/image2.gif
INFO: [ app_init ] --START--
INFO: Run Behavior\BuildLiteBehavior [ RunTime:0.000000s ]
INFO: [ app_init ] --END-- [ RunTime:0.000000s ]
ERR: 无法加载模块:App

[ 2016-09-08T16:32:45+08:00 ] 127.0.0.1 /dbkl_hqt_project/APP/Admin/View/Public/Css/images/image2.gif
INFO: [ app_init ] --START--
INFO: Run Behavior\BuildLiteBehavior [ RunTime:0.000000s ]
INFO: [ app_init ] --END-- [ RunTime:0.000000s ]
ERR: 无法加载模块:App

[ 2016-09-08T16:33:06+08:00 ] 127.0.0.1 /dbkl_hqt_project/APP/Admin/View/Public/Css/images/image2.gif
INFO: [ app_init ] --START--
INFO: Run Behavior\BuildLiteBehavior [ RunTime:0.000000s ]
INFO: [ app_init ] --END-- [ RunTime:0.000000s ]
ERR: 无法加载模块:App

[ 2016-09-08T16:35:00+08:00 ] 127.0.0.1 /dbkl_hqt_project/APP/Admin/View/Public/Css/images/image2.gif
INFO: [ app_init ] --START--
INFO: Run Behavior\BuildLiteBehavior [ RunTime:0.000000s ]
INFO: [ app_init ] --END-- [ RunTime:0.001000s ]
ERR: 无法加载模块:App

[ 2016-09-08T16:35:12+08:00 ] 127.0.0.1 /dbkl_hqt_project/APP/Admin/View/Public/Css/images/image2.gif
INFO: [ app_init ] --START--
INFO: Run Behavior\BuildLiteBehavior [ RunTime:0.000000s ]
INFO: [ app_init ] --END-- [ RunTime:0.001000s ]
ERR: 无法加载模块:App

[ 2016-09-08T16:35:13+08:00 ] 127.0.0.1 /dbkl_hqt_project/APP/Admin/View/Public/Css/images/image2.gif
INFO: [ app_init ] --START--
INFO: Run Behavior\BuildLiteBehavior [ RunTime:0.000000s ]
INFO: [ app_init ] --END-- [ RunTime:0.001000s ]
ERR: 无法加载模块:App

[ 2016-09-08T16:42:53+08:00 ] 127.0.0.1 /dbkl_hqt_project/APP/Admin/View/Public/Css/images/image2.gif
INFO: [ app_init ] --START--
INFO: Run Behavior\BuildLiteBehavior [ RunTime:0.000000s ]
INFO: [ app_init ] --END-- [ RunTime:0.001000s ]
ERR: 无法加载模块:App

[ 2016-09-08T16:44:12+08:00 ] 127.0.0.1 /dbkl_hqt_project/APP/Admin/View/Public/Css/images/image2.gif
INFO: [ app_init ] --START--
INFO: Run Behavior\BuildLiteBehavior [ RunTime:0.000000s ]
INFO: [ app_init ] --END-- [ RunTime:0.001000s ]
ERR: 无法加载模块:App

[ 2016-09-08T16:45:39+08:00 ] 127.0.0.1 /dbkl_hqt_project/APP/Admin/View/Public/Css/images/image2.gif
INFO: [ app_init ] --START--
INFO: Run Behavior\BuildLiteBehavior [ RunTime:0.000000s ]
INFO: [ app_init ] --END-- [ RunTime:0.001000s ]
ERR: 无法加载模块:App

