[ 2016-09-06T10:14:58+08:00 ] 127.0.0.1 /dbkl_hqt_project/index.php/Admin
INFO: [ app_init ] --START--
INFO: Run Behavior\BuildLiteBehavior [ RunTime:0.000000s ]
INFO: [ app_init ] --END-- [ RunTime:0.000000s ]
ERR: 无法加载模块:Admin

[ 2016-09-06T10:14:59+08:00 ] 127.0.0.1 /dbkl_hqt_project/index.php/Admin
INFO: [ app_init ] --START--
INFO: Run Behavior\BuildLiteBehavior [ RunTime:0.000000s ]
INFO: [ app_init ] --END-- [ RunTime:0.000000s ]
ERR: 无法加载模块:Admin

[ 2016-09-06T10:15:00+08:00 ] 127.0.0.1 /dbkl_hqt_project/index.php/Admin
INFO: [ app_init ] --START--
INFO: Run Behavior\BuildLiteBehavior [ RunTime:0.000000s ]
INFO: [ app_init ] --END-- [ RunTime:0.001000s ]
ERR: 无法加载模块:Admin

[ 2016-09-06T10:15:00+08:00 ] 127.0.0.1 /dbkl_hqt_project/index.php/Admin
INFO: [ app_init ] --START--
INFO: Run Behavior\BuildLiteBehavior [ RunTime:0.000000s ]
INFO: [ app_init ] --END-- [ RunTime:0.001000s ]
ERR: 无法加载模块:Admin

[ 2016-09-06T10:15:16+08:00 ] 127.0.0.1 /dbkl_hqt_project/index.php/Admin
INFO: [ app_init ] --START--
INFO: Run Behavior\BuildLiteBehavior [ RunTime:0.000000s ]
INFO: [ app_init ] --END-- [ RunTime:0.004001s ]
ERR: 无法加载模块:Admin

[ 2016-09-06T10:15:16+08:00 ] 127.0.0.1 /dbkl_hqt_project/index.php/Admin
INFO: [ app_init ] --START--
INFO: Run Behavior\BuildLiteBehavior [ RunTime:0.000000s ]
INFO: [ app_init ] --END-- [ RunTime:0.001000s ]
ERR: 无法加载模块:Admin

[ 2016-09-06T10:15:29+08:00 ] 127.0.0.1 /dbkl_hqt_project/index.php/Admin
INFO: [ app_init ] --START--
INFO: Run Behavior\BuildLiteBehavior [ RunTime:0.000000s ]
INFO: [ app_init ] --END-- [ RunTime:0.001000s ]
ERR: 无法加载模块:Admin

[ 2016-09-06T10:15:30+08:00 ] 127.0.0.1 /dbkl_hqt_project/index.php/Admin
INFO: [ app_init ] --START--
INFO: Run Behavior\BuildLiteBehavior [ RunTime:0.001000s ]
INFO: [ app_init ] --END-- [ RunTime:0.001000s ]
ERR: 无法加载模块:Admin

[ 2016-09-06T11:05:04+08:00 ] 127.0.0.1 /dbkl_hqt_project/index.php/Admin1
INFO: [ app_init ] --START--
INFO: Run Behavior\BuildLiteBehavior [ RunTime:0.000000s ]
INFO: [ app_init ] --END-- [ RunTime:0.000000s ]
ERR: 无法加载模块:Admin1

[ 2016-09-06T11:07:57+08:00 ] 127.0.0.1 /dbkl_hqt_project/APP_NAMEModules/GROUP_NAME/Tpl/Public/Js/common/jquery.min.js
INFO: [ app_init ] --START--
INFO: Run Behavior\BuildLiteBehavior [ RunTime:0.000000s ]
INFO: [ app_init ] --END-- [ RunTime:0.000000s ]
ERR: 无法加载模块:APP_NAMEModules

[ 2016-09-06T11:07:57+08:00 ] 127.0.0.1 /dbkl_hqt_project/APP_NAMEModules/GROUP_NAME/Tpl/Public/Js/cloud.js
INFO: [ app_init ] --START--
INFO: Run Behavior\BuildLiteBehavior [ RunTime:0.000000s ]
INFO: [ app_init ] --END-- [ RunTime:0.001000s ]
ERR: 无法加载模块:APP_NAMEModules

[ 2016-09-06T11:07:57+08:00 ] 127.0.0.1 /dbkl_hqt_project/APP_NAMEModules/GROUP_NAME/Tpl/Public/Css/common/style.css
INFO: [ app_init ] --START--
INFO: Run Behavior\BuildLiteBehavior [ RunTime:0.000000s ]
INFO: [ app_init ] --END-- [ RunTime:0.000000s ]
ERR: 无法加载模块:APP_NAMEModules

[ 2016-09-06T11:07:57+08:00 ] 127.0.0.1 /dbkl_hqt_project/index.php/GROUP_NAME/Login/code.html
INFO: [ app_init ] --START--
INFO: Run Behavior\BuildLiteBehavior [ RunTime:0.000000s ]
INFO: [ app_init ] --END-- [ RunTime:0.001000s ]
ERR: 无法加载模块:GROUP_NAME

[ 2016-09-06T11:17:47+08:00 ] 127.0.0.1 /dbkl_hqt_project/index.php/GROUP_NAME/Login/code.html
INFO: [ app_init ] --START--
INFO: Run Behavior\BuildLiteBehavior [ RunTime:0.000000s ]
INFO: [ app_init ] --END-- [ RunTime:0.000000s ]
ERR: 无法加载模块:GROUP_NAME

[ 2016-09-06T11:17:47+08:00 ] 127.0.0.1 /dbkl_hqt_project/index.php/GROUP_NAME/Login/code.html
INFO: [ app_init ] --START--
INFO: Run Behavior\BuildLiteBehavior [ RunTime:0.000000s ]
INFO: [ app_init ] --END-- [ RunTime:0.001000s ]
ERR: 无法加载模块:GROUP_NAME

[ 2016-09-06T11:19:29+08:00 ] 127.0.0.1 /dbkl_hqt_project/Public/Js/cloud.js
INFO: [ app_init ] --START--
INFO: Run Behavior\BuildLiteBehavior [ RunTime:0.000000s ]
INFO: [ app_init ] --END-- [ RunTime:0.001000s ]
ERR: 无法加载模块:Public

[ 2016-09-06T11:19:49+08:00 ] 127.0.0.1 /dbkl_hqt_project/index.php/GROUP_NAME/Login/code.html
INFO: [ app_init ] --START--
INFO: Run Behavior\BuildLiteBehavior [ RunTime:0.000000s ]
INFO: [ app_init ] --END-- [ RunTime:0.000000s ]
ERR: 无法加载模块:GROUP_NAME

[ 2016-09-06T11:19:49+08:00 ] 127.0.0.1 /dbkl_hqt_project/index.php/GROUP_NAME/Login/code.html
INFO: [ app_init ] --START--
INFO: Run Behavior\BuildLiteBehavior [ RunTime:0.000000s ]
INFO: [ app_init ] --END-- [ RunTime:0.001000s ]
ERR: 无法加载模块:GROUP_NAME

[ 2016-09-06T11:19:50+08:00 ] 127.0.0.1 /dbkl_hqt_project/index.php/GROUP_NAME/Login/code.html
INFO: [ app_init ] --START--
INFO: Run Behavior\BuildLiteBehavior [ RunTime:0.000000s ]
INFO: [ app_init ] --END-- [ RunTime:0.001000s ]
ERR: 无法加载模块:GROUP_NAME

[ 2016-09-06T11:19:50+08:00 ] 127.0.0.1 /dbkl_hqt_project/index.php/GROUP_NAME/Login/code.html
INFO: [ app_init ] --START--
INFO: Run Behavior\BuildLiteBehavior [ RunTime:0.000000s ]
INFO: [ app_init ] --END-- [ RunTime:0.001000s ]
ERR: 无法加载模块:GROUP_NAME

[ 2016-09-06T11:19:50+08:00 ] 127.0.0.1 /dbkl_hqt_project/index.php/GROUP_NAME/Login/code.html
INFO: [ app_init ] --START--
INFO: Run Behavior\BuildLiteBehavior [ RunTime:0.000000s ]
INFO: [ app_init ] --END-- [ RunTime:0.000000s ]
ERR: 无法加载模块:GROUP_NAME

[ 2016-09-06T11:19:50+08:00 ] 127.0.0.1 /dbkl_hqt_project/index.php/GROUP_NAME/Login/code.html
INFO: [ app_init ] --START--
INFO: Run Behavior\BuildLiteBehavior [ RunTime:0.000000s ]
INFO: [ app_init ] --END-- [ RunTime:0.000000s ]
ERR: 无法加载模块:GROUP_NAME

[ 2016-09-06T11:19:51+08:00 ] 127.0.0.1 /dbkl_hqt_project/index.php/GROUP_NAME/Login/code.html
INFO: [ app_init ] --START--
INFO: Run Behavior\BuildLiteBehavior [ RunTime:0.000000s ]
INFO: [ app_init ] --END-- [ RunTime:0.001000s ]
ERR: 无法加载模块:GROUP_NAME

[ 2016-09-06T11:19:51+08:00 ] 127.0.0.1 /dbkl_hqt_project/index.php/GROUP_NAME/Login/code.html
INFO: [ app_init ] --START--
INFO: Run Behavior\BuildLiteBehavior [ RunTime:0.000000s ]
INFO: [ app_init ] --END-- [ RunTime:0.003000s ]
ERR: 无法加载模块:GROUP_NAME

[ 2016-09-06T11:19:51+08:00 ] 127.0.0.1 /dbkl_hqt_project/index.php/GROUP_NAME/Login/code.html
INFO: [ app_init ] --START--
INFO: Run Behavior\BuildLiteBehavior [ RunTime:0.000000s ]
INFO: [ app_init ] --END-- [ RunTime:0.000000s ]
ERR: 无法加载模块:GROUP_NAME

[ 2016-09-06T11:19:51+08:00 ] 127.0.0.1 /dbkl_hqt_project/index.php/GROUP_NAME/Login/code.html
INFO: [ app_init ] --START--
INFO: Run Behavior\BuildLiteBehavior [ RunTime:0.000000s ]
INFO: [ app_init ] --END-- [ RunTime:0.001000s ]
ERR: 无法加载模块:GROUP_NAME

[ 2016-09-06T11:19:51+08:00 ] 127.0.0.1 /dbkl_hqt_project/index.php/GROUP_NAME/Login/code.html
INFO: [ app_init ] --START--
INFO: Run Behavior\BuildLiteBehavior [ RunTime:0.000000s ]
INFO: [ app_init ] --END-- [ RunTime:0.001000s ]
ERR: 无法加载模块:GROUP_NAME

[ 2016-09-06T11:19:51+08:00 ] 127.0.0.1 /dbkl_hqt_project/index.php/GROUP_NAME/Login/code.html
INFO: [ app_init ] --START--
INFO: Run Behavior\BuildLiteBehavior [ RunTime:0.000000s ]
INFO: [ app_init ] --END-- [ RunTime:0.000000s ]
ERR: 无法加载模块:GROUP_NAME

[ 2016-09-06T11:19:52+08:00 ] 127.0.0.1 /dbkl_hqt_project/index.php/GROUP_NAME/Login/code.html
INFO: [ app_init ] --START--
INFO: Run Behavior\BuildLiteBehavior [ RunTime:0.000000s ]
INFO: [ app_init ] --END-- [ RunTime:0.001000s ]
ERR: 无法加载模块:GROUP_NAME

[ 2016-09-06T11:19:52+08:00 ] 127.0.0.1 /dbkl_hqt_project/index.php/GROUP_NAME/Login/code.html
INFO: [ app_init ] --START--
INFO: Run Behavior\BuildLiteBehavior [ RunTime:0.000000s ]
INFO: [ app_init ] --END-- [ RunTime:0.000000s ]
ERR: 无法加载模块:GROUP_NAME

[ 2016-09-06T11:21:28+08:00 ] 127.0.0.1 /dbkl_hqt_project/index.php/GROUP_NAME/Login/code.html
INFO: [ app_init ] --START--
INFO: Run Behavior\BuildLiteBehavior [ RunTime:0.000000s ]
INFO: [ app_init ] --END-- [ RunTime:0.001000s ]
ERR: 无法加载模块:GROUP_NAME

[ 2016-09-06T11:21:28+08:00 ] 127.0.0.1 /dbkl_hqt_project/index.php/GROUP_NAME/Login/code.html
INFO: [ app_init ] --START--
INFO: Run Behavior\BuildLiteBehavior [ RunTime:0.000000s ]
INFO: [ app_init ] --END-- [ RunTime:0.000000s ]
ERR: 无法加载模块:GROUP_NAME

[ 2016-09-06T11:21:31+08:00 ] 127.0.0.1 /dbkl_hqt_project/index.php/GROUP_NAME/Login/code.html
INFO: [ app_init ] --START--
INFO: Run Behavior\BuildLiteBehavior [ RunTime:0.000000s ]
INFO: [ app_init ] --END-- [ RunTime:0.001000s ]
ERR: 无法加载模块:GROUP_NAME

[ 2016-09-06T11:22:02+08:00 ] 127.0.0.1 /dbkl_hqt_project/index.php/GROUP_NAME/Login/code.html?0.09694802830927074
INFO: [ app_init ] --START--
INFO: Run Behavior\BuildLiteBehavior [ RunTime:0.000000s ]
INFO: [ app_init ] --END-- [ RunTime:0.000000s ]
ERR: 无法加载模块:GROUP_NAME

[ 2016-09-06T11:24:09+08:00 ] 127.0.0.1 /dbkl_hqt_project/index.php/GROUP_NAME/Login/code.html
INFO: [ app_init ] --START--
INFO: Run Behavior\BuildLiteBehavior [ RunTime:0.000000s ]
INFO: [ app_init ] --END-- [ RunTime:0.001000s ]
ERR: 无法加载模块:GROUP_NAME

[ 2016-09-06T11:24:10+08:00 ] 127.0.0.1 /dbkl_hqt_project/index.php/GROUP_NAME/Login/code.html
INFO: [ app_init ] --START--
INFO: Run Behavior\BuildLiteBehavior [ RunTime:0.000000s ]
INFO: [ app_init ] --END-- [ RunTime:0.001000s ]
ERR: 无法加载模块:GROUP_NAME

[ 2016-09-06T11:28:55+08:00 ] 127.0.0.1 /dbkl_hqt_project/index.php/GROUP_NAME/Login/code.html
INFO: [ app_init ] --START--
INFO: Run Behavior\BuildLiteBehavior [ RunTime:0.000000s ]
INFO: [ app_init ] --END-- [ RunTime:0.000000s ]
ERR: 无法加载模块:GROUP_NAME

[ 2016-09-06T11:28:55+08:00 ] 127.0.0.1 /dbkl_hqt_project/index.php/GROUP_NAME/Login/code.html
INFO: [ app_init ] --START--
INFO: Run Behavior\BuildLiteBehavior [ RunTime:0.000000s ]
INFO: [ app_init ] --END-- [ RunTime:0.000000s ]
ERR: 无法加载模块:GROUP_NAME

[ 2016-09-06T11:28:57+08:00 ] 127.0.0.1 /dbkl_hqt_project/index.php/GROUP_NAME/Login/code.html?0.8661810683552176
INFO: [ app_init ] --START--
INFO: Run Behavior\BuildLiteBehavior [ RunTime:0.000000s ]
INFO: [ app_init ] --END-- [ RunTime:0.001000s ]
ERR: 无法加载模块:GROUP_NAME

[ 2016-09-06T11:29:11+08:00 ] 127.0.0.1 /dbkl_hqt_project/index.php/GROUP_NAME/Login/code.html
INFO: [ app_init ] --START--
INFO: Run Behavior\BuildLiteBehavior [ RunTime:0.000000s ]
INFO: [ app_init ] --END-- [ RunTime:0.000000s ]
ERR: 无法加载模块:GROUP_NAME

[ 2016-09-06T11:29:50+08:00 ] 127.0.0.1 /dbkl_hqt_project/index.php/GROUP_NAME/Login/code.html?0.374112511286512
INFO: [ app_init ] --START--
INFO: Run Behavior\BuildLiteBehavior [ RunTime:0.000000s ]
INFO: [ app_init ] --END-- [ RunTime:0.001000s ]
ERR: 无法加载模块:GROUP_NAME

[ 2016-09-06T12:48:51+08:00 ] 127.0.0.1 /dbkl_hqt_project/Uploads/menuico/5720ac0011496.png
INFO: [ app_init ] --START--
INFO: Run Behavior\BuildLiteBehavior [ RunTime:0.000000s ]
INFO: [ app_init ] --END-- [ RunTime:0.001000s ]
ERR: 无法加载模块:Uploads

[ 2016-09-06T12:48:51+08:00 ] 127.0.0.1 /dbkl_hqt_project/Uploads/menuico/5720ac6fd6679.png
INFO: [ app_init ] --START--
INFO: Run Behavior\BuildLiteBehavior [ RunTime:0.000000s ]
INFO: [ app_init ] --END-- [ RunTime:0.001000s ]
ERR: 无法加载模块:Uploads

[ 2016-09-06T12:48:51+08:00 ] 127.0.0.1 /dbkl_hqt_project/Uploads/menuico/5720ac61938e0.png
INFO: [ app_init ] --START--
INFO: Run Behavior\BuildLiteBehavior [ RunTime:0.000000s ]
INFO: [ app_init ] --END-- [ RunTime:0.001000s ]
ERR: 无法加载模块:Uploads

[ 2016-09-06T12:48:51+08:00 ] 127.0.0.1 /dbkl_hqt_project/Uploads/menuico/5720ac6fd6679.png
INFO: [ app_init ] --START--
INFO: Run Behavior\BuildLiteBehavior [ RunTime:0.001000s ]
INFO: [ app_init ] --END-- [ RunTime:0.001000s ]
ERR: 无法加载模块:Uploads

[ 2016-09-06T12:48:51+08:00 ] 127.0.0.1 /dbkl_hqt_project/Uploads/menuico/5720ac0011496.png
INFO: [ app_init ] --START--
INFO: Run Behavior\BuildLiteBehavior [ RunTime:0.000000s ]
INFO: [ app_init ] --END-- [ RunTime:0.001000s ]
ERR: 无法加载模块:Uploads

[ 2016-09-06T12:48:51+08:00 ] 127.0.0.1 /dbkl_hqt_project/index.php/GROUP_NAME/Index/welcome.html
INFO: [ app_init ] --START--
INFO: Run Behavior\BuildLiteBehavior [ RunTime:0.000000s ]
INFO: [ app_init ] --END-- [ RunTime:0.001000s ]
ERR: 无法加载模块:GROUP_NAME

[ 2016-09-06T12:48:54+08:00 ] 127.0.0.1 /dbkl_hqt_project/index.php/GROUP_NAME/Index/welcome.html
INFO: [ app_init ] --START--
INFO: Run Behavior\BuildLiteBehavior [ RunTime:0.000000s ]
INFO: [ app_init ] --END-- [ RunTime:0.001000s ]
ERR: 无法加载模块:GROUP_NAME

[ 2016-09-06T12:48:54+08:00 ] 127.0.0.1 /dbkl_hqt_project/index.php/GROUP_NAME/Product/index.html
INFO: [ app_init ] --START--
INFO: Run Behavior\BuildLiteBehavior [ RunTime:0.000000s ]
INFO: [ app_init ] --END-- [ RunTime:0.001000s ]
ERR: 无法加载模块:GROUP_NAME

[ 2016-09-06T12:48:55+08:00 ] 127.0.0.1 /dbkl_hqt_project/index.php/GROUP_NAME/Messages/index.html
INFO: [ app_init ] --START--
INFO: Run Behavior\BuildLiteBehavior [ RunTime:0.000000s ]
INFO: [ app_init ] --END-- [ RunTime:0.000000s ]
ERR: 无法加载模块:GROUP_NAME

[ 2016-09-06T12:48:56+08:00 ] 127.0.0.1 /dbkl_hqt_project/index.php/GROUP_NAME/Productcate/index.html
INFO: [ app_init ] --START--
INFO: Run Behavior\BuildLiteBehavior [ RunTime:0.000000s ]
INFO: [ app_init ] --END-- [ RunTime:0.000000s ]
ERR: 无法加载模块:GROUP_NAME

[ 2016-09-06T12:48:57+08:00 ] 127.0.0.1 /dbkl_hqt_project/index.php/GROUP_NAME/Label/index.html
INFO: [ app_init ] --START--
INFO: Run Behavior\BuildLiteBehavior [ RunTime:0.000000s ]
INFO: [ app_init ] --END-- [ RunTime:0.001000s ]
ERR: 无法加载模块:GROUP_NAME

[ 2016-09-06T12:48:58+08:00 ] 127.0.0.1 /dbkl_hqt_project/index.php/GROUP_NAME/Company/index.html
INFO: [ app_init ] --START--
INFO: Run Behavior\BuildLiteBehavior [ RunTime:0.000000s ]
INFO: [ app_init ] --END-- [ RunTime:0.001000s ]
ERR: 无法加载模块:GROUP_NAME

[ 2016-09-06T12:48:59+08:00 ] 127.0.0.1 /dbkl_hqt_project/index.php/GROUP_NAME/Friendslink/index.html
INFO: [ app_init ] --START--
INFO: Run Behavior\BuildLiteBehavior [ RunTime:0.000000s ]
INFO: [ app_init ] --END-- [ RunTime:0.001000s ]
ERR: 无法加载模块:GROUP_NAME

[ 2016-09-06T12:48:59+08:00 ] 127.0.0.1 /dbkl_hqt_project/index.php/GROUP_NAME/Friendslink/index.html
INFO: [ app_init ] --START--
INFO: Run Behavior\BuildLiteBehavior [ RunTime:0.000000s ]
INFO: [ app_init ] --END-- [ RunTime:0.000000s ]
ERR: 无法加载模块:GROUP_NAME

[ 2016-09-06T12:49:34+08:00 ] 127.0.0.1 /dbkl_hqt_project/index.php/GROUP_NAME/Index/welcome.html
INFO: [ app_init ] --START--
INFO: Run Behavior\BuildLiteBehavior [ RunTime:0.000000s ]
INFO: [ app_init ] --END-- [ RunTime:0.000000s ]
ERR: 无法加载模块:GROUP_NAME

[ 2016-09-06T12:49:34+08:00 ] 127.0.0.1 /dbkl_hqt_project/Uploads/menuico/5720ac61938e0.png
INFO: [ app_init ] --START--
INFO: Run Behavior\BuildLiteBehavior [ RunTime:0.000000s ]
INFO: [ app_init ] --END-- [ RunTime:0.001000s ]
ERR: 无法加载模块:Uploads

[ 2016-09-06T12:49:34+08:00 ] 127.0.0.1 /dbkl_hqt_project/Uploads/menuico/5720ac6fd6679.png
INFO: [ app_init ] --START--
INFO: Run Behavior\BuildLiteBehavior [ RunTime:0.000000s ]
INFO: [ app_init ] --END-- [ RunTime:0.000000s ]
ERR: 无法加载模块:Uploads

[ 2016-09-06T12:49:34+08:00 ] 127.0.0.1 /dbkl_hqt_project/Uploads/menuico/5720ac0011496.png
INFO: [ app_init ] --START--
INFO: Run Behavior\BuildLiteBehavior [ RunTime:0.000000s ]
INFO: [ app_init ] --END-- [ RunTime:0.001000s ]
ERR: 无法加载模块:Uploads

[ 2016-09-06T12:50:03+08:00 ] 127.0.0.1 /dbkl_hqt_project/Uploads/menuico/5720ac6fd6679.png
INFO: [ app_init ] --START--
INFO: Run Behavior\BuildLiteBehavior [ RunTime:0.000000s ]
INFO: [ app_init ] --END-- [ RunTime:0.001000s ]
ERR: 无法加载模块:Uploads

[ 2016-09-06T12:50:03+08:00 ] 127.0.0.1 /dbkl_hqt_project/Uploads/menuico/5720ac0011496.png
INFO: [ app_init ] --START--
INFO: Run Behavior\BuildLiteBehavior [ RunTime:0.000000s ]
INFO: [ app_init ] --END-- [ RunTime:0.001000s ]
ERR: 无法加载模块:Uploads

[ 2016-09-06T12:50:03+08:00 ] 127.0.0.1 /dbkl_hqt_project/Uploads/menuico/5720ac61938e0.png
INFO: [ app_init ] --START--
INFO: Run Behavior\BuildLiteBehavior [ RunTime:0.000000s ]
INFO: [ app_init ] --END-- [ RunTime:0.001000s ]
ERR: 无法加载模块:Uploads

[ 2016-09-06T12:50:03+08:00 ] 127.0.0.1 /dbkl_hqt_project/Uploads/logo/57a3272d360ab.jpg
INFO: [ app_init ] --START--
INFO: Run Behavior\BuildLiteBehavior [ RunTime:0.000000s ]
INFO: [ app_init ] --END-- [ RunTime:0.001000s ]
ERR: 无法加载模块:Uploads

[ 2016-09-06T12:50:03+08:00 ] 127.0.0.1 /dbkl_hqt_project/Uploads/menuico/5720ac6fd6679.png
INFO: [ app_init ] --START--
INFO: Run Behavior\BuildLiteBehavior [ RunTime:0.000000s ]
INFO: [ app_init ] --END-- [ RunTime:0.001000s ]
ERR: 无法加载模块:Uploads

[ 2016-09-06T12:50:03+08:00 ] 127.0.0.1 /dbkl_hqt_project/Uploads/menuico/5720ac0011496.png
INFO: [ app_init ] --START--
INFO: Run Behavior\BuildLiteBehavior [ RunTime:0.000000s ]
INFO: [ app_init ] --END-- [ RunTime:0.001000s ]
ERR: 无法加载模块:Uploads

[ 2016-09-06T12:50:03+08:00 ] 127.0.0.1 /dbkl_hqt_project/Uploads/menuico/5720ac61938e0.png
INFO: [ app_init ] --START--
INFO: Run Behavior\BuildLiteBehavior [ RunTime:0.000000s ]
INFO: [ app_init ] --END-- [ RunTime:0.001000s ]
ERR: 无法加载模块:Uploads

[ 2016-09-06T12:50:03+08:00 ] 127.0.0.1 /dbkl_hqt_project/Uploads/menuico/5720ac0011496.png
INFO: [ app_init ] --START--
INFO: Run Behavior\BuildLiteBehavior [ RunTime:0.000000s ]
INFO: [ app_init ] --END-- [ RunTime:0.000000s ]
ERR: 无法加载模块:Uploads

[ 2016-09-06T12:50:03+08:00 ] 127.0.0.1 /dbkl_hqt_project/Uploads/menuico/5720ac61938e0.png
INFO: [ app_init ] --START--
INFO: Run Behavior\BuildLiteBehavior [ RunTime:0.000000s ]
INFO: [ app_init ] --END-- [ RunTime:0.001001s ]
ERR: 无法加载模块:Uploads

[ 2016-09-06T12:50:03+08:00 ] 127.0.0.1 /dbkl_hqt_project/Uploads/menuico/5720ac6fd6679.png
INFO: [ app_init ] --START--
INFO: Run Behavior\BuildLiteBehavior [ RunTime:0.000000s ]
INFO: [ app_init ] --END-- [ RunTime:0.000000s ]
ERR: 无法加载模块:Uploads

[ 2016-09-06T12:50:03+08:00 ] 127.0.0.1 /dbkl_hqt_project/Uploads/logo/57a3272d360ab.jpg
INFO: [ app_init ] --START--
INFO: Run Behavior\BuildLiteBehavior [ RunTime:0.000000s ]
INFO: [ app_init ] --END-- [ RunTime:0.001000s ]
ERR: 无法加载模块:Uploads

[ 2016-09-06T12:50:04+08:00 ] 127.0.0.1 /dbkl_hqt_project/Uploads/logo/57a3272d360ab.jpg
INFO: [ app_init ] --START--
INFO: Run Behavior\BuildLiteBehavior [ RunTime:0.000000s ]
INFO: [ app_init ] --END-- [ RunTime:0.000000s ]
ERR: 无法加载模块:Uploads

[ 2016-09-06T12:50:07+08:00 ] 127.0.0.1 /dbkl_hqt_project/Uploads/logo/57a3272d360ab.jpg
INFO: [ app_init ] --START--
INFO: Run Behavior\BuildLiteBehavior [ RunTime:0.000000s ]
INFO: [ app_init ] --END-- [ RunTime:0.001000s ]
ERR: 无法加载模块:Uploads

[ 2016-09-06T14:18:57+08:00 ] 127.0.0.1 /dbkl_hqt_project/APP/Admin/View/Public/Css/images/image2.gif
INFO: [ app_init ] --START--
INFO: Run Behavior\BuildLiteBehavior [ RunTime:0.000000s ]
INFO: [ app_init ] --END-- [ RunTime:0.000000s ]
ERR: 无法加载模块:App

[ 2016-09-06T17:14:13+08:00 ] 127.0.0.1 /dbkl_hqt_project/APP/Admin/View/Public/Js/back/jquery.min.js
INFO: [ app_init ] --START--
INFO: Run Behavior\BuildLiteBehavior [ RunTime:0.000000s ]
INFO: [ app_init ] --END-- [ RunTime:0.001000s ]
ERR: 无法加载模块:App

